c:\users\reola\desktop\debug\vc140.pdb
c:\users\reola\desktop\debug\vc140.idb
c:\users\reola\desktop\debug\glee.obj
c:\users\reola\desktop\debug\animation.obj
c:\users\reola\desktop\debug\color.obj
c:\users\reola\desktop\debug\matrix4x4.obj
c:\users\reola\desktop\debug\plane.obj
c:\users\reola\desktop\debug\vector2d.obj
c:\users\reola\desktop\debug\vector3d.obj
c:\users\reola\desktop\debug\vector4d.obj
c:\users\reola\desktop\debug\timer.obj
c:\users\reola\desktop\debug\shadow mapping.ilk
c:\users\reola\desktop\debug\shadow mapping.exe
c:\users\reola\desktop\debug\shadow mapping.pdb
c:\users\reola\desktop\.\debug\shadow mapping.exe
c:\users\reola\desktop\debug\shadow mapping.tlog\cl.command.1.tlog
c:\users\reola\desktop\debug\shadow mapping.tlog\cl.read.1.tlog
c:\users\reola\desktop\debug\shadow mapping.tlog\cl.write.1.tlog
c:\users\reola\desktop\debug\shadow mapping.tlog\link.command.1.tlog
c:\users\reola\desktop\debug\shadow mapping.tlog\link.read.1.tlog
c:\users\reola\desktop\debug\shadow mapping.tlog\link.write.1.tlog
